<?xml version="1.0" encoding="UTF-8"?>
<testsuite name="edu.wpi.first.networktables.LoggerTest" tests="1" skipped="0" failures="0" errors="0" timestamp="2023-11-22T18:03:46" hostname="STRIDER" time="0.103">
  <properties/>
  <testcase name="addMessageTest()" classname="edu.wpi.first.networktables.LoggerTest" time="0.103"/>
  <system-out><![CDATA[]]></system-out>
  <system-err><![CDATA[]]></system-err>
</testsuite>
