<?xml version="1.0" encoding="UTF-8"?>
<testsuite name="edu.wpi.first.networktables.TimeSyncTest" tests="4" skipped="0" failures="0" errors="0" timestamp="2023-11-22T18:03:47" hostname="STRIDER" time="0.006">
  <properties/>
  <testcase name="testLocal()" classname="edu.wpi.first.networktables.TimeSyncTest" time="0.0"/>
  <testcase name="testClient3()" classname="edu.wpi.first.networktables.TimeSyncTest" time="0.001"/>
  <testcase name="testClient4()" classname="edu.wpi.first.networktables.TimeSyncTest" time="0.001"/>
  <testcase name="testServer()" classname="edu.wpi.first.networktables.TimeSyncTest" time="0.003"/>
  <system-out><![CDATA[]]></system-out>
  <system-err><![CDATA[]]></system-err>
</testsuite>
