<?xml version="1.0" encoding="UTF-8"?>
<testsuite name="edu.wpi.first.networktables.TopicListenerTest" tests="1" skipped="1" failures="0" errors="0" timestamp="2023-11-22T18:03:47" hostname="STRIDER" time="0.001">
  <properties/>
  <testcase name="testPrefixNewRemote()" classname="edu.wpi.first.networktables.TopicListenerTest" time="0.001">
    <skipped/>
  </testcase>
  <system-out><![CDATA[]]></system-out>
  <system-err><![CDATA[]]></system-err>
</testsuite>
